<?xml version="1.0" encoding="UTF-8"?>
<!-- Generated by org.testng.reporters.JUnitReportReporter -->
<testsuite hostname="LAPTOP-DMCQS6QO" failures="0" tests="1" name="test.P2" time="0.014" errors="0" timestamp="2024-05-26T21:51:58 IST" skipped="0">
  <testcase classname="test.P2" name="personalLoanMethod03" time="0.014"/>
  <system-out/>
</testsuite> <!-- test.P2 -->
