<?xml version="1.0" encoding="UTF-8"?>
<!-- Generated by org.testng.reporters.JUnitReportReporter -->
<testsuite hostname="LAPTOP-DMCQS6QO" failures="0" tests="1" name="test.O2" time="0.014" errors="0" timestamp="2024-05-31T20:51:09 IST" skipped="0">
  <testcase classname="test.O2" name="method01" time="0.014"/>
  <system-out/>
</testsuite> <!-- test.O2 -->
