<?xml version="1.0" encoding="UTF-8"?>
<!-- Generated by org.testng.reporters.JUnitReportReporter -->
<testsuite hostname="LAPTOP-DMCQS6QO" failures="0" tests="3" name="test.P4" time="0.035" errors="0" timestamp="2024-05-26T21:51:58 IST" skipped="0">
  <testcase classname="test.P4" name="homeLoanMethod02" time="0.016"/>
  <system-out/>
  <testcase classname="test.P4" name="homeLoanMethod01" time="0.016"/>
  <system-out/>
  <testcase classname="test.P4" name="homeLoanMethod03" time="0.003"/>
  <system-out/>
</testsuite> <!-- test.P4 -->
