<?xml version="1.0" encoding="UTF-8"?>
<!-- Generated by org.testng.reporters.JUnitReportReporter -->
<testsuite hostname="LAPTOP-DMCQS6QO" failures="0" tests="2" name="test.P1" time="0.021" errors="0" timestamp="2024-05-26T21:51:58 IST" skipped="0">
  <testcase classname="test.P1" name="personalLoanMethod02" time="0.009"/>
  <system-out/>
  <testcase classname="test.P1" name="personalLoanMethod01" time="0.012"/>
  <system-out/>
</testsuite> <!-- test.P1 -->
