<?xml version="1.0" encoding="UTF-8"?>
<!-- Generated by org.testng.reporters.JUnitReportReporter -->
<testsuite hostname="LAPTOP-DMCQS6QO" failures="0" tests="5" name="test.P3" time="0.057" errors="0" timestamp="2024-05-26T21:51:58 IST" skipped="1">
  <testcase classname="test.P3" name="carLoanMethod01" time="0.026"/>
  <system-out/>
  <testcase classname="test.P3" name="carLoanMethod01" time="0.006"/>
  <system-out/>
  <testcase classname="test.P3" name="carLoanMethod03" time="0.006"/>
  <system-out/>
  <testcase classname="test.P3" name="carLoanMethod01" time="0.019"/>
  <system-out/>
  <testcase classname="test.P3" name="carLoanMethod02">
    <skipped/>
  </testcase> <!-- carLoanMethod02 -->
  <system-out/>
</testsuite> <!-- test.P3 -->
